<?xml version="1.0" encoding="UTF-8"?>
<testsuite name="MinesweeperTest" tests="1" skipped="0" failures="0" errors="0" timestamp="2019-10-04T01:06:11" hostname="LAPTOP-NTIOM630" time="0.841">
  <properties/>
  <testcase name="start" classname="MinesweeperTest" time="0.841"/>
  <system-out><![CDATA[>1
.........
.........
.........
.........
...X.....
.........
.........
.........
.........
>1
.........
.........
.........
.........
.........
.........
.........
.........
X........
>2
.........
..X..X...
.........
.........
.........
.........
.........
.........
.........
>2
.........
.........
.........
.........
.........
.........
.........
.X.......
X........
>3
X........
.........
.........
........X
......X..
.........
.........
.........
.........
>3
......X..
.........
.........
.X.......
.........
.........
.........
.........
....X....
>4
.....X...
X........
...X.....
.........
..X......
.........
.........
.........
.........
>4
....X....
.........
.........
.........
.........
....X....
.........
..X...X..
.........
>5
.X.......
XX.......
.........
.........
.........
......X..
.........
..X......
.........
>5
..X.X....
.........
.........
.........
.........
.....X...
.........
......X..
....X....
>6
....X....
......X..
.......X.
.........
.....X...
......X..
.........
.........
.X.......
>6
X.......X
...X.....
.........
.........
.........
....X....
.........
.........
X..X.....
>7
..X......
.........
...X.....
.........
.X.......
.........
....X...X
....X....
....X....
>7
........X
...XX....
..X.X..X.
.........
.........
.X.......
.........
.........
.........
>8
.........
.....X...
.....X...
.X.......
...X.....
.........
........X
..X......
X.....X..
>8
.........
......X..
...X.X.X.
.........
...X.....
.........
X........
......X..
.X.......
>9
.......X.
.X.......
.........
.........
.X.......
XX....X..
..X......
.........
.X..X....
>9
.........
.......X.
.......X.
.X......X
..X..XX..
.........
......X..
.........
........X
>10
.........
.........
..X......
.........
X.....XX.
...XX....
...X.....
..X..XX..
.........
>10
.....X...
.........
.........
....X....
X.......X
X.X.X....
.........
.X..X....
...X.....
>11
.........
......X.X
....X....
X........
......X..
....X....
.X.......
..X...X..
.....X.X.
>11
.........
..X....X.
.........
.XXX.....
X..X.....
........X
.........
.......X.
...X....X
>12
..X.....X
..X......
...X...X.
.......X.
.........
.........
X.X......
.....XX..
.......XX
>12
...X.XX..
.........
....X....
X........
.........
......XXX
.......X.
X........
.....X.X.
>13
X........
.......X.
.........
X.X..X.X.
..X......
.........
.X....X..
...X..XXX
.........
>13
.X.......
..XX..X..
.......X.
........X
.........
..X.X...X
........X
.........
X.....X.X
>14
.........
.......XX
X....XX..
......X.X
.X.....XX
.........
......X..
....X....
.....X.X.
>14
....X.X..
........X
..X......
XX.X.X..X
.X.X.....
...X.....
X........
.........
....X....
>15
....XX...
.....X...
..X.XX.X.
.....X.X.
...X..X..
.........
X........
......X..
...X....X
>15
....X....
X.....X..
XX.......
...XX....
..X...X..
X.X...X..
....X....
......X..
...X.....
>16
...X.X...
..X..X...
.X.......
....XX...
.X......X
......X.X
X........
.X.......
....XX.X.
>16
.........
....X..X.
X......X.
.X.XX....
...X.X...
.....X...
.XXX.X...
...X.....
........X
>17
.....X...
.......XX
X..X.....
.........
.X.....X.
...X.....
...X.X...
XX...X.XX
.X.X.....
>17
.....X...
.........
X........
.XX..X...
..X....X.
....XX.XX
...XX...X
......X..
X..X.....
>18
.......X.
XX..X....
..X...X..
..XX..X..
.........
XX....X.X
..X.X....
........X
.XX......
>18
..X..X...
.......XX
......X..
.X..XX...
.XX......
....XX...
...X.X.X.
...X.....
..X....X.
>19
...X.XXX.
......XX.
X.......X
.X.....X.
.....X.X.
XX.X.....
.X.X.....
.........
X......X.
>19
..XX....X
...X.X..X
......XX.
X.X....X.
...XX....
.......X.
X.....X.X
X....X...
.........
>20
.X.....X.
X......X.
.X.X....X
...X.XX..
........X
X.X.....X
X...X....
......X..
....X.XX.
>20
...X.....
....X..XX
..X..XXX.
..XX...XX
..XX.....
....X.X..
...X.....
X..X...X.
.........
>21
X..XX...X
X.X..X.X.
..X....X.
X........
.X.....XX
XX......X
.........
..X...XX.
X........
>21
......XX.
X....X..X
X..X.....
.X.X.....
.XX..X...
...X.X.X.
.X.......
..X.X.X..
....X..X.
>22
......X..
X..X.....
X...X....
......XX.
X.X.X.X..
....XX..X
....XXXX.
.X.XX....
.....X...
>22
X.X......
..X....XX
.X...X...
X.....X.X
...X.....
.X.X....X
....X....
.X.X.XX.X
.....XX..
>23
.X..X..X.
.XX...XX.
.......X.
.X...X...
..X.X....
......XX.
.XXX..X..
X....X..X
.....X.X.
>23
.....X..X
...X.X...
..XX.X.X.
...X...XX
.X.....XX
X..X.....
X.X..X...
.XX.X....
.X.......
>24
.X..X...X
.X.XX....
.......X.
...X..X..
.X..X....
X.XX..X.X
.......XX
XX.......
X.X.X...X
>24
.X...X..X
XX.X..XXX
......XX.
.X.X.....
X....X.XX
....X....
......X.X
XX.......
..X...X..
>25
X...X...X
.X...XX..
.XX...X..
.....X.X.
X.X....X.
.....X.XX
X....XX..
.....X..X
...X.XX..
>25
....XX..X
.X.X..X..
X..XX..XX
.X.......
X.XX....X
X....X...
...X.....
...XXX.X.
..X....X.
>26
XX..X..X.
X...XX..X
X...X....
XX...X..X
.X.......
...X..XX.
...X.XX..
..X...X..
X...X...X
>26
....XX.XX
X..X...X.
.XX..XX.X
X....X...
.......X.
X..X.....
...X.XX..
.X.X.X...
X......XX
>27
X..XXX...
.X.X.X...
.......X.
.X....XX.
.X.....XX
...X..X..
.X...XX..
.XXXX.X..
.....XX.X
>27
.........
.XX.X..X.
....XX..X
X........
.X.XXX.X.
.....X.X.
X.X.X.X.X
..X.X..X.
..X.XXX..
>28
.X.XXX.X.
X.....X..
.X......X
...XX...X
..X.X....
X..XXXXX.
..XXX.X..
XX.....X.
........X
>28
...X.X..X
.X.....X.
X.....X..
..XX....X
XXX.XXX.X
..X....XX
XX.XX..X.
.....X...
.XX......
>29
.....X...
.X.X.X..X
......X.X
..XX...XX
X.XXX.X..
.XX..XX..
.XXX....X
X..X..X..
..X....X.
>29
.X..X..X.
......X..
X.XX.....
..X.XXX.X
.XXXXXX.X
.X.XX....
..XXX....
.X.X.X...
...X.....
>30
..XX.XXXX
XXXX.X.X.
...X.XX..
.....X...
X........
..XX....X
..XX.X...
X..X....X
X.X..X.X.
>30
XX...X..X
.XXXX..X.
..X.XXX.X
....X.X..
...X..XX.
X....X.X.
XX.....X.
.XX..X...
.X..X....
>31
X...X...X
....X...X
XX.......
.XX..X..X
....X.X.X
..X.XXXX.
..XX...XX
X.X..X...
X.XXX.X..
>31
...XX..X.
X.X.X.X..
.X..XXX.X
..X....X.
X.X.X..XX
....X.X..
......X..
X.XXXX...
...X.X.XX
>32
X..XX....
XX....X..
XXX..X.X.
.XX..XX..
X..X...X.
XX..X....
.X..X...X
.X.XX.X..
X...X.XX.
>32
X..XX....
..X...X.X
...XXXX.X
X........
X...X.XXX
.XXX..XX.
.X..XX.X.
..X..X...
.XXX...X.
>33
X.XXX..XX
......X.X
..X.X....
......X.X
X.X.....X
XX....XXX
...XXXXX.
X..X.X.X.
XX...X.X.
>33
..X.X.XX.
...X.....
.X.....X.
..X..X...
.X.XX..XX
...XX..X.
X.XX..X..
XXX.XXXX.
.X..X.XXX
>34
.X.....X.
X.X.X...X
.XX..XX..
XXXX.....
X...XX...
XX..XXX..
...XX.X.X
X...XXX.X
X....XX..
>34
....X....
X.X.X.XX.
.XXX.XX.X
X.X...X..
.XXXX..X.
XXX...XX.
XX.....XX
...X.X...
X..XX....
>35
.X..X..XX
X.X..XX..
XXXX...X.
...XXX...
X.XXX...X
XX.X...XX
..X.X...X
.X....X.X
.XXX.....
>35
.X.XXX.XX
XXXX...X.
X.X..X...
.X...X.X.
....X.X..
X...X.X.X
XX...X...
.X...XXX.
.XXX.X.X.
>36
.X.X.X.X.
...X.XXXX
.X.X....X
X....X...
.XXX..X..
X.XX..XXX
......X.X
XXXX....X
...XXX.XX
>36
X...X.XXX
..X..XX..
....X.X.X
X...XX...
XX..XXX.X
XX.XX...X
......X.X
X..XXX...
..X.X.XXX
>37
...X.....
X...X.XX.
.XXX..XX.
X.X.XXX.X
XXXXX.X.X
..X....X.
....X..X.
XXXX..XX.
X..X.X.X.
>37
XX.X.XXXX
XXXXX..X.
X.X.X....
X........
X.X....X.
..X.XX...
X.X...X.X
X...X.X..
..XXXXXXX
>38
X.XX.....
.XX.XXXX.
........X
.XXXX...X
...X...X.
.XX.X..X.
.XXX..X..
..XX.XXXX
XXX.XXX.X
>38
..X.....X
.X.X..XX.
.X.XXXXX.
XX....XXX
XXXX.X...
XX.....X.
X.X....XX
.X.XXXX..
...XX..XX
>39
XX....X..
XX.XXXX.X
...X....X
..X.X...X
.XXX.X.X.
X.XX.X.XX
.XX.X...X
X.XXX..X.
.X.X..XX.
>39
X..X....X
...XXXXX.
X.X....X.
....X...X
....X..XX
X.XXXXX..
XX.XX.X.X
...XXXXXX
X..XXX..X
>40
XX..XXXX.
..XX....X
.X...XX.X
X....XX.X
.XX.X..X.
XXX..X..X
XX.XX..X.
XXX...X.X
.X.XX..X.
>40
.XXXXX...
.X....X..
XXXX...XX
...X.XX..
.XX.X.XXX
..XXX.XX.
......X.X
X...XX..X
.X.XXXXXX
>41
XXXXX.XX.
XX.......
..X.X.X..
.X..XXXX.
X.X.X.XXX
X..XX.XXX
XXX...X..
X..X..X.X
XX..X.X..
>41
X.XXXXX..
XXXX...XX
.X.X.X.XX
.XX..X..X
X.X..XX..
......XX.
..XXX.X.X
..X..X.XX
X.XXX..X.
>42
XX..X.XX.
..X...XXX
X..X.XX.X
.XX.X.XX.
.XXX.....
X.XX.X...
.XXXX.XXX
...XXXX.X
.XX.X...X
>42
..XXX.X.X
....XX...
..XX.X.XX
X..XX.X.X
..X.X.X.X
XX.X....X
X...X.X..
.XXXXXXXX
XXXX.XX..
>43
XX...XXXX
XXX..X..X
X..XXX.XX
X.XXX..XX
.X.XX.XX.
X.XXX.X..
...X.XX..
...X...X.
..XXXX.X.
>43
..XX..X..
X..XXX...
XX.X.X.XX
XXXX.XX.X
...X..XX.
.X..XXXX.
X.X.XXXXX
..X.XX.XX
...X.X..X
>44
..X...XX.
XXX.XX..X
X.....XX.
XXXX.XXXX
X.XXX.X..
.X....XXX
...XXXXX.
XX.XX..X.
.X.X.X.XX
>44
X.XXXXXX.
X..XXXXXX
XX...XX..
.X.X...X.
XX...X.X.
..XX...XX
XXXXXXX.X
.X.....XX
..X.X.XX.
>45
XX.X.XX..
.XXXXX.XX
X.X....XX
XX.X.XXX.
XX.....XX
XX.X.XXX.
.X....X.X
X....XXXX
X.X..XX.X
>45
..XXXXX.X
X.XXXX.XX
X..X..X..
XX....XXX
.X.X.XXX.
.XX..X..X
XXXXXX.X.
.X.XXX.X.
...X..XX.
>46
XXXXXX.X.
X.X..XX..
.....XXXX
.X.XX.X..
X..XX.XX.
XX.XX.X..
XXXXXX.XX
XX..X.XXX
XXX......
>46
X..X.XXXX
X..X...X.
.X.XXXX.X
...XXXXX.
XXXX.X.XX
.XX..XXXX
XXX...XXX
...XX...X
X..X..XX.
>47
..XX.XX..
XXXX.XX..
X..XXX...
.X..XX.XX
..XXXXXXX
XXXX...XX
XXXXX..XX
..XXX.XXX
.....XX..
>47
.XX...XXX
XXXXXX.XX
..XX...XX
..X.XX.XX
.XXXX.XXX
X...X..XX
..XX..XX.
.XXXXX.X.
...XXX..X
>48
XX.XXX.XX
X.X.X.X.X
XX.XXXXXX
X.X..XXXX
X.X..X...
.....XX.X
.X.X..XX.
XXXX.XX.X
XXX.XX...
>48
.X...XXXX
XXX.X.XX.
XXX.X..X.
XXX...X.X
XX.XX.XXX
...XXXX..
XXX.XX.XX
.X.X.X...
.XXXX.XX.
>49
X.XXXXXX.
X.XX.XXX.
XXX.XX..X
..XX.XXXX
XXX...XX.
X.XXX....
XX.X.XX.X
.X.X....X
X.X..XXXX
>49
X..XX.XX.
XX..XX.XX
XX.....X.
.XXXXXX.X
XXXX..XXX
X..X..XX.
XXX.X...X
XXXXXXX.X
..XX.X.X.
>50
XXX.XXX..
X.XX.XXXX
X.X.XXXX.
.X.XX.XX.
..X..XXXX
X...X..XX
.XX.XX.X.
.XXXXXX.X
X..X.XXX.
>50
.X.X..X.X
.XXX.X.X.
.X...XXX.
.XXX.XXXX
.X.XX.XXX
..XXXXXX.
.X..XXX.X
X.XXXXXX.
XX.XX.X.X
]]></system-out>
  <system-err><![CDATA[
Start test 1

Start test 2

Start test 3

Start test 4

Start test 5

Start test 6

Start test 7

Start test 8

Start test 9

Start test 10

Start test 11

Start test 12

Start test 13

Start test 14

Start test 15

Start test 16

Start test 17

Start test 18

Start test 19

Start test 20

Start test 21

Start test 22

Start test 23

Start test 24

Start test 25

Start test 26

Start test 27

Start test 28

Start test 29

Start test 30

Start test 31

Start test 32

Start test 33

Start test 34

Start test 35

Start test 36

Start test 37

Start test 38

Start test 39

Start test 40

Start test 41

Start test 42

Start test 43

Start test 44

Start test 45

Start test 46

Start test 47

Start test 48

Start test 49

Start test 50

Start test 51

Start test 52

Start test 53

Start test 54

Start test 55

Start test 56

Start test 57

Start test 58

Start test 59

Start test 60

Start test 61

Start test 62

Start test 63

Start test 64

Start test 65

Start test 66

Start test 67

Start test 68

Start test 69

Start test 70

Start test 71

Start test 72

Start test 73

Start test 74

Start test 75

Start test 76

Start test 77

Start test 78

Start test 79

Start test 80

Start test 81

Start test 82

Start test 83

Start test 84

Start test 85

Start test 86

Start test 87

Start test 88

Start test 89

Start test 90

Start test 91

Start test 92

Start test 93

Start test 94

Start test 95

Start test 96

Start test 97

Start test 98

Start test 99

Start test 100
]]></system-err>
</testsuite>
