<?xml version="1.0" encoding="UTF-8"?>
<testsuite name="MinesweeperTest" tests="1" skipped="0" failures="0" errors="0" timestamp="2019-10-04T22:30:35" hostname="LAPTOP-NTIOM630" time="0.618">
  <properties/>
  <testcase name="start" classname="MinesweeperTest" time="0.618"/>
  <system-out><![CDATA[How many mines do you want on the field?>1









 │123456789│
—│---------│
1│.........│
2│.........│
3│......111│
4│......1.1│
5│......111│
6│.........│
7│.........│
8│.........│
9│.........│
—│---------│
Set/delete mines marks (x and y coordinates): >1 2
 │123456789│
—│---------│
1│.........│
2│*........│
3│......111│
4│......1.1│
5│......111│
6│.........│
7│.........│
8│.........│
9│.........│
—│---------│
Set/delete mines marks (x and y coordinates): >1 2
 │123456789│
—│---------│
1│.........│
2│.........│
3│......111│
4│......1.1│
5│......111│
6│.........│
7│.........│
8│.........│
9│.........│
—│---------│
Set/delete mines marks (x and y coordinates): >8 4
 │123456789│
—│---------│
1│.........│
2│.........│
3│......111│
4│......1*1│
5│......111│
6│.........│
7│.........│
8│.........│
9│.........│
—│---------│
Congratulations! You founded all mines!
How many mines do you want on the field?>1









 │123456789│
—│---------│
1│.........│
2│......111│
3│......1.1│
4│......111│
5│.........│
6│.........│
7│.........│
8│.........│
9│.........│
—│---------│
Set/delete mines marks (x and y coordinates): >1 2
 │123456789│
—│---------│
1│.........│
2│*.....111│
3│......1.1│
4│......111│
5│.........│
6│.........│
7│.........│
8│.........│
9│.........│
—│---------│
Set/delete mines marks (x and y coordinates): >1 2
 │123456789│
—│---------│
1│.........│
2│......111│
3│......1.1│
4│......111│
5│.........│
6│.........│
7│.........│
8│.........│
9│.........│
—│---------│
Set/delete mines marks (x and y coordinates): >8 3
 │123456789│
—│---------│
1│.........│
2│......111│
3│......1*1│
4│......111│
5│.........│
6│.........│
7│.........│
8│.........│
9│.........│
—│---------│
Congratulations! You founded all mines!
How many mines do you want on the field?>1









 │123456789│
—│---------│
1│.........│
2│.........│
3│.........│
4│.........│
5│.........│
6│..111....│
7│..1.1....│
8│..111....│
9│.........│
—│---------│
Set/delete mines marks (x and y coordinates): >1 2
 │123456789│
—│---------│
1│.........│
2│*........│
3│.........│
4│.........│
5│.........│
6│..111....│
7│..1.1....│
8│..111....│
9│.........│
—│---------│
Set/delete mines marks (x and y coordinates): >1 2
 │123456789│
—│---------│
1│.........│
2│.........│
3│.........│
4│.........│
5│.........│
6│..111....│
7│..1.1....│
8│..111....│
9│.........│
—│---------│
Set/delete mines marks (x and y coordinates): >4 7
 │123456789│
—│---------│
1│.........│
2│.........│
3│.........│
4│.........│
5│.........│
6│..111....│
7│..1*1....│
8│..111....│
9│.........│
—│---------│
Congratulations! You founded all mines!
How many mines do you want on the field?>1









 │123456789│
—│---------│
1│.........│
2│.........│
3│..111....│
4│..1.1....│
5│..111....│
6│.........│
7│.........│
8│.........│
9│.........│
—│---------│
Set/delete mines marks (x and y coordinates): >1 2
 │123456789│
—│---------│
1│.........│
2│*........│
3│..111....│
4│..1.1....│
5│..111....│
6│.........│
7│.........│
8│.........│
9│.........│
—│---------│
Set/delete mines marks (x and y coordinates): >1 2
 │123456789│
—│---------│
1│.........│
2│.........│
3│..111....│
4│..1.1....│
5│..111....│
6│.........│
7│.........│
8│.........│
9│.........│
—│---------│
Set/delete mines marks (x and y coordinates): >4 4
 │123456789│
—│---------│
1│.........│
2│.........│
3│..111....│
4│..1*1....│
5│..111....│
6│.........│
7│.........│
8│.........│
9│.........│
—│---------│
Congratulations! You founded all mines!
How many mines do you want on the field?>1









 │123456789│
—│---------│
1│.........│
2│.........│
3│.........│
4│11.......│
5│.1.......│
6│11.......│
7│.........│
8│.........│
9│.........│
—│---------│
Set/delete mines marks (x and y coordinates): >1 2
 │123456789│
—│---------│
1│.........│
2│*........│
3│.........│
4│11.......│
5│.1.......│
6│11.......│
7│.........│
8│.........│
9│.........│
—│---------│
Set/delete mines marks (x and y coordinates): >1 2
 │123456789│
—│---------│
1│.........│
2│.........│
3│.........│
4│11.......│
5│.1.......│
6│11.......│
7│.........│
8│.........│
9│.........│
—│---------│
Set/delete mines marks (x and y coordinates): >1 5
 │123456789│
—│---------│
1│.........│
2│.........│
3│.........│
4│11.......│
5│*1.......│
6│11.......│
7│.........│
8│.........│
9│.........│
—│---------│
Congratulations! You founded all mines!
How many mines do you want on the field?>1









 │123456789│
—│---------│
1│.........│
2│.........│
3│......111│
4│......1.1│
5│......111│
6│.........│
7│.........│
8│.........│
9│.........│
—│---------│
Set/delete mines marks (x and y coordinates): >1 2
 │123456789│
—│---------│
1│.........│
2│*........│
3│......111│
4│......1.1│
5│......111│
6│.........│
7│.........│
8│.........│
9│.........│
—│---------│
Set/delete mines marks (x and y coordinates): >1 2
 │123456789│
—│---------│
1│.........│
2│.........│
3│......111│
4│......1.1│
5│......111│
6│.........│
7│.........│
8│.........│
9│.........│
—│---------│
Set/delete mines marks (x and y coordinates): >8 4
 │123456789│
—│---------│
1│.........│
2│.........│
3│......111│
4│......1*1│
5│......111│
6│.........│
7│.........│
8│.........│
9│.........│
—│---------│
Congratulations! You founded all mines!
How many mines do you want on the field?>1









 │123456789│
—│---------│
1│.111.....│
2│.1.1.....│
3│.111.....│
4│.........│
5│.........│
6│.........│
7│.........│
8│.........│
9│.........│
—│---------│
Set/delete mines marks (x and y coordinates): >1 2
 │123456789│
—│---------│
1│.111.....│
2│*1.1.....│
3│.111.....│
4│.........│
5│.........│
6│.........│
7│.........│
8│.........│
9│.........│
—│---------│
Set/delete mines marks (x and y coordinates): >1 2
 │123456789│
—│---------│
1│.111.....│
2│.1.1.....│
3│.111.....│
4│.........│
5│.........│
6│.........│
7│.........│
8│.........│
9│.........│
—│---------│
Set/delete mines marks (x and y coordinates): >3 2
 │123456789│
—│---------│
1│.111.....│
2│.1*1.....│
3│.111.....│
4│.........│
5│.........│
6│.........│
7│.........│
8│.........│
9│.........│
—│---------│
Congratulations! You founded all mines!
How many mines do you want on the field?>1









 │123456789│
—│---------│
1│.........│
2│.........│
3│....111..│
4│....1.1..│
5│....111..│
6│.........│
7│.........│
8│.........│
9│.........│
—│---------│
Set/delete mines marks (x and y coordinates): >1 2
 │123456789│
—│---------│
1│.........│
2│*........│
3│....111..│
4│....1.1..│
5│....111..│
6│.........│
7│.........│
8│.........│
9│.........│
—│---------│
Set/delete mines marks (x and y coordinates): >1 2
 │123456789│
—│---------│
1│.........│
2│.........│
3│....111..│
4│....1.1..│
5│....111..│
6│.........│
7│.........│
8│.........│
9│.........│
—│---------│
Set/delete mines marks (x and y coordinates): >6 4
 │123456789│
—│---------│
1│.........│
2│.........│
3│....111..│
4│....1*1..│
5│....111..│
6│.........│
7│.........│
8│.........│
9│.........│
—│---------│
Congratulations! You founded all mines!
How many mines do you want on the field?>1









 │123456789│
—│---------│
1│.........│
2│.........│
3│.........│
4│.........│
5│.........│
6│.......11│
7│.......1.│
8│.......11│
9│.........│
—│---------│
Set/delete mines marks (x and y coordinates): >1 2
 │123456789│
—│---------│
1│.........│
2│*........│
3│.........│
4│.........│
5│.........│
6│.......11│
7│.......1.│
8│.......11│
9│.........│
—│---------│
Set/delete mines marks (x and y coordinates): >1 2
 │123456789│
—│---------│
1│.........│
2│.........│
3│.........│
4│.........│
5│.........│
6│.......11│
7│.......1.│
8│.......11│
9│.........│
—│---------│
Set/delete mines marks (x and y coordinates): >9 7
 │123456789│
—│---------│
1│.........│
2│.........│
3│.........│
4│.........│
5│.........│
6│.......11│
7│.......1*│
8│.......11│
9│.........│
—│---------│
Congratulations! You founded all mines!
How many mines do you want on the field?>1









 │123456789│
—│---------│
1│.........│
2│.........│
3│.........│
4│111......│
5│1.1......│
6│111......│
7│.........│
8│.........│
9│.........│
—│---------│
Set/delete mines marks (x and y coordinates): >1 2
 │123456789│
—│---------│
1│.........│
2│*........│
3│.........│
4│111......│
5│1.1......│
6│111......│
7│.........│
8│.........│
9│.........│
—│---------│
Set/delete mines marks (x and y coordinates): >1 2
 │123456789│
—│---------│
1│.........│
2│.........│
3│.........│
4│111......│
5│1.1......│
6│111......│
7│.........│
8│.........│
9│.........│
—│---------│
Set/delete mines marks (x and y coordinates): >2 5
 │123456789│
—│---------│
1│.........│
2│.........│
3│.........│
4│111......│
5│1*1......│
6│111......│
7│.........│
8│.........│
9│.........│
—│---------│
Congratulations! You founded all mines!
How many mines do you want on the field?>5









 │123456789│
—│---------│
1│.1.......│
2│11.......│
3│.........│
4│....111..│
5│....1.211│
6│....112.1│
7│...111111│
8│1111.1...│
9│1.1111...│
—│---------│
Set/delete mines marks (x and y coordinates): >8 6
 │123456789│
—│---------│
1│.1.......│
2│11.......│
3│.........│
4│....111..│
5│....1.211│
6│....112*1│
7│...111111│
8│1111.1...│
9│1.1111...│
—│---------│
Set/delete mines marks (x and y coordinates): >5 8
 │123456789│
—│---------│
1│.1.......│
2│11.......│
3│.........│
4│....111..│
5│....1.211│
6│....112*1│
7│...111111│
8│1111*1...│
9│1.1111...│
—│---------│
Set/delete mines marks (x and y coordinates): >6 5
 │123456789│
—│---------│
1│.1.......│
2│11.......│
3│.........│
4│....111..│
5│....1*211│
6│....112*1│
7│...111111│
8│1111*1...│
9│1.1111...│
—│---------│
Set/delete mines marks (x and y coordinates): >2 9
 │123456789│
—│---------│
1│.1.......│
2│11.......│
3│.........│
4│....111..│
5│....1*211│
6│....112*1│
7│...111111│
8│1111*1...│
9│1*1111...│
—│---------│
Set/delete mines marks (x and y coordinates): >1 1
 │123456789│
—│---------│
1│*1.......│
2│11.......│
3│.........│
4│....111..│
5│....1*211│
6│....112*1│
7│...111111│
8│1111*1...│
9│1*1111...│
—│---------│
Congratulations! You founded all mines!
How many mines do you want on the field?>5









 │123456789│
—│---------│
1│...112.1.│
2│...1.211.│
3│...222...│
4│...1.1...│
5│...111...│
6│.........│
7│..111111.│
8│..1.11.1.│
9│..111111.│
—│---------│
Set/delete mines marks (x and y coordinates): >7 8
 │123456789│
—│---------│
1│...112.1.│
2│...1.211.│
3│...222...│
4│...1.1...│
5│...111...│
6│.........│
7│..111111.│
8│..1.11*1.│
9│..111111.│
—│---------│
Set/delete mines marks (x and y coordinates): >4 8
 │123456789│
—│---------│
1│...112.1.│
2│...1.211.│
3│...222...│
4│...1.1...│
5│...111...│
6│.........│
7│..111111.│
8│..1*11*1.│
9│..111111.│
—│---------│
Set/delete mines marks (x and y coordinates): >5 2
 │123456789│
—│---------│
1│...112.1.│
2│...1*211.│
3│...222...│
4│...1.1...│
5│...111...│
6│.........│
7│..111111.│
8│..1*11*1.│
9│..111111.│
—│---------│
Set/delete mines marks (x and y coordinates): >5 4
 │123456789│
—│---------│
1│...112.1.│
2│...1*211.│
3│...222...│
4│...1*1...│
5│...111...│
6│.........│
7│..111111.│
8│..1*11*1.│
9│..111111.│
—│---------│
Set/delete mines marks (x and y coordinates): >7 1
 │123456789│
—│---------│
1│...112*1.│
2│...1*211.│
3│...222...│
4│...1*1...│
5│...111...│
6│.........│
7│..111111.│
8│..1*11*1.│
9│..111111.│
—│---------│
Congratulations! You founded all mines!
How many mines do you want on the field?>5









 │123456789│
—│---------│
1│.111.....│
2│.1.1.....│
3│.111...11│
4│.111...2.│
5│.1.1...2.│
6│.1221..11│
7│..1.1....│
8│..111....│
9│.........│
—│---------│
Set/delete mines marks (x and y coordinates): >3 2
 │123456789│
—│---------│
1│.111.....│
2│.1*1.....│
3│.111...11│
4│.111...2.│
5│.1.1...2.│
6│.1221..11│
7│..1.1....│
8│..111....│
9│.........│
—│---------│
Set/delete mines marks (x and y coordinates): >4 7
 │123456789│
—│---------│
1│.111.....│
2│.1*1.....│
3│.111...11│
4│.111...2.│
5│.1.1...2.│
6│.1221..11│
7│..1*1....│
8│..111....│
9│.........│
—│---------│
Set/delete mines marks (x and y coordinates): >3 5
 │123456789│
—│---------│
1│.111.....│
2│.1*1.....│
3│.111...11│
4│.111...2.│
5│.1*1...2.│
6│.1221..11│
7│..1*1....│
8│..111....│
9│.........│
—│---------│
Set/delete mines marks (x and y coordinates): >9 4
 │123456789│
—│---------│
1│.111.....│
2│.1*1.....│
3│.111...11│
4│.111...2*│
5│.1*1...2.│
6│.1221..11│
7│..1*1....│
8│..111....│
9│.........│
—│---------│
Set/delete mines marks (x and y coordinates): >9 5
 │123456789│
—│---------│
1│.111.....│
2│.1*1.....│
3│.111...11│
4│.111...2*│
5│.1*1...2*│
6│.1221..11│
7│..1*1....│
8│..111....│
9│.........│
—│---------│
Congratulations! You founded all mines!
]]></system-out>
  <system-err><![CDATA[
Start test 1

Start test 2

Start test 3

Start test 4

Start test 5

Start test 6

Start test 7

Start test 8

Start test 9

Start test 10

Start test 11

Start test 12

Start test 13
]]></system-err>
</testsuite>
